# JRE version: OpenJDK Runtime Environment Temurin-17.0.6+10 (17.0.6+10) (build 17.0.6+10)
# Java VM: OpenJDK 64-Bit Server VM Temurin-17.0.6+10 (17.0.6+10, mixed mode, tiered, compressed oops, compressed class ptrs, g1 gc, linux-amd64)
GC Precious Log:
 CPUs: 8 total, 8 available
 Memory: 15910M
 Large Page Support: Disabled
 NUMA Support: Disabled
 Compressed Oops: Enabled (32-bit)
 Heap Region Size: 1M
 Heap Min Capacity: 64M
 Heap Initial Capacity: 64M
 Heap Max Capacity: 1G
 Pre-touch: Disabled
 Parallel Workers: 8
 Concurrent Workers: 2
 Concurrent Refinement Workers: 8
 Periodic GC: Disabled
Heap:
 garbage-first heap   total 71680K, used 42562K [0x00000000c0000000, 0x0000000100000000)
  region size 1024K, 19 young (19456K), 1 survivors (1024K)
 Metaspace       used 44131K, committed 45248K, reserved 1089536K
  class space    used 5161K, committed 5632K, reserved 1048576K
GC Heap History (16 events):
Event: 0.551 GC heap before
{Heap before GC invocations=0 (full 0):
 garbage-first heap   total 65536K, used 22528K [0x00000000c0000000, 0x0000000100000000)
  region size 1024K, 23 young (23552K), 0 survivors (0K)
 Metaspace       used 12068K, committed 12224K, reserved 1064960K
  class space    used 1211K, committed 1280K, reserved 1048576K
}
Event: 0.565 GC heap after
{Heap after GC invocations=1 (full 0):
 garbage-first heap   total 65536K, used 7072K [0x00000000c0000000, 0x0000000100000000)
  region size 1024K, 3 young (3072K), 3 survivors (3072K)
 Metaspace       used 12068K, committed 12224K, reserved 1064960K
  class space    used 1211K, committed 1280K, reserved 1048576K
}
Event: 0.884 GC heap before
{Heap before GC invocations=1 (full 0):
 garbage-first heap   total 65536K, used 23456K [0x00000000c0000000, 0x0000000100000000)
  region size 1024K, 19 young (19456K), 3 survivors (3072K)
 Metaspace       used 16947K, committed 17280K, reserved 1064960K
  class space    used 1764K, committed 1920K, reserved 1048576K
}
Event: 0.890 GC heap after
{Heap after GC invocations=2 (full 0):
 garbage-first heap   total 65536K, used 9090K [0x00000000c0000000, 0x0000000100000000)
  region size 1024K, 2 young (2048K), 2 survivors (2048K)
 Metaspace       used 16947K, committed 17280K, reserved 1064960K
  class space    used 1764K, committed 1920K, reserved 1048576K
}
Event: 1.178 GC heap before
{Heap before GC invocations=2 (full 0):
 garbage-first heap   total 65536K, used 22402K [0x00000000c0000000, 0x0000000100000000)
  region size 1024K, 16 young (16384K), 2 survivors (2048K)
 Metaspace       used 20982K, committed 21504K, reserved 1073152K
  class space    used 2197K, committed 2432K, reserved 1048576K
}
Event: 1.181 GC heap after
{Heap after GC invocations=3 (full 0):
 garbage-first heap   total 65536K, used 11651K [0x00000000c0000000, 0x0000000100000000)
  region size 1024K, 4 young (4096K), 4 survivors (4096K)
 Metaspace       used 20982K, committed 21504K, reserved 1073152K
  class space    used 2197K, committed 2432K, reserved 1048576K
}
Event: 1.529 GC heap before
{Heap before GC invocations=4 (full 0):
 garbage-first heap   total 65536K, used 39299K [0x00000000c0000000, 0x0000000100000000)
  region size 1024K, 30 young (30720K), 4 survivors (4096K)
 Metaspace       used 25737K, committed 26432K, reserved 1073152K
  class space    used 2789K, committed 3072K, reserved 1048576K
}
Event: 1.538 GC heap after
{Heap after GC invocations=5 (full 0):
 garbage-first heap   total 65536K, used 16196K [0x00000000c0000000, 0x0000000100000000)
  region size 1024K, 4 young (4096K), 4 survivors (4096K)
 Metaspace       used 25737K, committed 26432K, reserved 1073152K
  class space    used 2789K, committed 3072K, reserved 1048576K
}
Event: 1.555 GC heap before
{Heap before GC invocations=5 (full 0):
 garbage-first heap   total 65536K, used 16196K [0x00000000c0000000, 0x0000000100000000)
  region size 1024K, 5 young (5120K), 4 survivors (4096K)
 Metaspace       used 26064K, committed 26688K, reserved 1073152K
  class space    used 2817K, committed 3072K, reserved 1048576K
}
Event: 1.560 GC heap after
{Heap after GC invocations=6 (full 0):
 garbage-first heap   total 65536K, used 16146K [0x00000000c0000000, 0x0000000100000000)
  region size 1024K, 1 young (1024K), 1 survivors (1024K)
 Metaspace       used 26064K, committed 26688K, reserved 1073152K
  class space    used 2817K, committed 3072K, reserved 1048576K
}
Event: 2.193 GC heap before
{Heap before GC invocations=6 (full 0):
 garbage-first heap   total 65536K, used 39698K [0x00000000c0000000, 0x0000000100000000)
  region size 1024K, 26 young (26624K), 1 survivors (1024K)
 Metaspace       used 35230K, committed 36096K, reserved 1081344K
  class space    used 4097K, committed 4480K, reserved 1048576K
}
Event: 2.197 GC heap after
{Heap after GC invocations=7 (full 0):
 garbage-first heap   total 121856K, used 19504K [0x00000000c0000000, 0x0000000100000000)
  region size 1024K, 4 young (4096K), 4 survivors (4096K)
 Metaspace       used 35230K, committed 36096K, reserved 1081344K
  class space    used 4097K, committed 4480K, reserved 1048576K
}
Event: 2.928 GC heap before
{Heap before GC invocations=8 (full 0):
 garbage-first heap   total 71680K, used 56368K [0x00000000c0000000, 0x0000000100000000)
  region size 1024K, 38 young (38912K), 4 survivors (4096K)
 Metaspace       used 39869K, committed 40832K, reserved 1089536K
  class space    used 4630K, committed 5056K, reserved 1048576K
}
Event: 2.939 GC heap after
{Heap after GC invocations=9 (full 0):
 garbage-first heap   total 71680K, used 24358K [0x00000000c0000000, 0x0000000100000000)
  region size 1024K, 8 young (8192K), 8 survivors (8192K)
 Metaspace       used 39869K, committed 40832K, reserved 1089536K
  class space    used 4630K, committed 5056K, reserved 1048576K
}
Event: 2.977 GC heap before
{Heap before GC invocations=9 (full 0):
 garbage-first heap   total 71680K, used 25382K [0x00000000c0000000, 0x0000000100000000)
  region size 1024K, 9 young (9216K), 8 survivors (8192K)
 Metaspace       used 40410K, committed 41408K, reserved 1089536K
  class space    used 4699K, committed 5120K, reserved 1048576K
}
Event: 2.983 GC heap after
{Heap after GC invocations=10 (full 0):
 garbage-first heap   total 71680K, used 25154K [0x00000000c0000000, 0x0000000100000000)
  region size 1024K, 1 young (1024K), 1 survivors (1024K)
 Metaspace       used 40410K, committed 41408K, reserved 1089536K
  class space    used 4699K, committed 5120K, reserved 1048576K
}

